Using pre-set license
Built from '2020.3/staging' branch; Version is '2020.3.18f1 (a7d1c678663c) revision 10998214'; Using compiler version '192528614'; Build Type 'Release'
OS: 'Windows 10 Pro; OS build 19044.1586; Version 2009; 64bit' Language: 'ru' Physical Memory: 16370 MB
BatchMode: 1, IsHumanControllingUs: 0, StartBugReporterOnCrash: 0, Is64bit: 1, IsPro: 0

COMMAND LINE ARGUMENTS:
C:\Program Files\Unity\Hub\Editor\2020.3.18f1\Editor\Unity.exe
-adb2
-batchMode
-noUpm
-name
AssetImportWorker0
-projectPath
D:/Unity_self_games/Catch_Butterflies
-logFile
Logs/AssetImportWorker0.log
-srvPort
63613
Successfully changed project path to: D:/Unity_self_games/Catch_Butterflies
D:/Unity_self_games/Catch_Butterflies
Using Asset Import Pipeline V2.
Refreshing native plugins compatible for Editor in 60.51 ms, found 2 plugins.
Preloading 0 native plugins for Editor in 0.00 ms.
Initialize engine version: 2020.3.18f1 (a7d1c678663c)
[Subsystems] Discovering subsystems at path C:/Program Files/Unity/Hub/Editor/2020.3.18f1/Editor/Data/Resources/UnitySubsystems
[Subsystems] Discovering subsystems at path D:/Unity_self_games/Catch_Butterflies/Assets
GfxDevice: creating device client; threaded=0
Direct3D:
    Version:  Direct3D 11.0 [level 11.1]
    Renderer: NVIDIA GeForce GTX 950 (ID=0x1402)
    Vendor:   
    VRAM:     2007 MB
    Driver:   30.0.15.1179
Initialize mono
Mono path[0] = 'C:/Program Files/Unity/Hub/Editor/2020.3.18f1/Editor/Data/Managed'
Mono path[1] = 'C:/Program Files/Unity/Hub/Editor/2020.3.18f1/Editor/Data/MonoBleedingEdge/lib/mono/unityjit'
Mono config path = 'C:/Program Files/Unity/Hub/Editor/2020.3.18f1/Editor/Data/MonoBleedingEdge/etc'
Using monoOptions --debugger-agent=transport=dt_socket,embedding=1,server=y,suspend=n,address=127.0.0.1:56824
Begin MonoManager ReloadAssembly
Registering precompiled unity dll's ...
Register platform support module: C:/Program Files/Unity/Hub/Editor/2020.3.18f1/Editor/Data/PlaybackEngines/WindowsStandaloneSupport/UnityEditor.WindowsStandalone.Extensions.dll
Registered in 0.004405 seconds.
Native extension for WindowsStandalone target not found
Refreshing native plugins compatible for Editor in 62.96 ms, found 2 plugins.
Preloading 0 native plugins for Editor in 0.00 ms.
Mono: successfully reloaded assembly
- Completed reload, in  2.187 seconds
Domain Reload Profiling:
	ReloadAssembly (2188ms)
		BeginReloadAssembly (110ms)
			ExecutionOrderSort (0ms)
			DisableScriptedObjects (0ms)
			BackupInstance (0ms)
			ReleaseScriptingObjects (0ms)
			CreateAndSetChildDomain (2ms)
		EndReloadAssembly (819ms)
			LoadAssemblies (105ms)
			RebuildTransferFunctionScriptingTraits (0ms)
			SetupTypeCache (293ms)
			ReleaseScriptCaches (0ms)
			RebuildScriptCaches (63ms)
			SetupLoadedEditorAssemblies (317ms)
				LogAssemblyErrors (0ms)
				InitializePlatformSupportModulesInManaged (8ms)
				SetLoadedEditorAssemblies (0ms)
				RefreshPlugins (63ms)
				BeforeProcessingInitializeOnLoad (33ms)
				ProcessInitializeOnLoadAttributes (156ms)
				ProcessInitializeOnLoadMethodAttributes (55ms)
				AfterProcessingInitializeOnLoad (0ms)
				EditorAssembliesLoaded (0ms)
			ExecutionOrderSort2 (0ms)
			AwakeInstancesAfterBackupRestoration (0ms)
Platform modules already initialized, skipping
Registering precompiled user dll's ...
Registered in 0.003498 seconds.
Begin MonoManager ReloadAssembly
Native extension for WindowsStandalone target not found
Refreshing native plugins compatible for Editor in 0.61 ms, found 2 plugins.
Preloading 0 native plugins for Editor in 0.00 ms.
Mono: successfully reloaded assembly
- Completed reload, in  2.023 seconds
Domain Reload Profiling:
	ReloadAssembly (2025ms)
		BeginReloadAssembly (294ms)
			ExecutionOrderSort (0ms)
			DisableScriptedObjects (10ms)
			BackupInstance (0ms)
			ReleaseScriptingObjects (0ms)
			CreateAndSetChildDomain (30ms)
		EndReloadAssembly (1609ms)
			LoadAssemblies (168ms)
			RebuildTransferFunctionScriptingTraits (0ms)
			SetupTypeCache (538ms)
			ReleaseScriptCaches (1ms)
			RebuildScriptCaches (92ms)
			SetupLoadedEditorAssemblies (609ms)
				LogAssemblyErrors (0ms)
				InitializePlatformSupportModulesInManaged (10ms)
				SetLoadedEditorAssemblies (1ms)
				RefreshPlugins (1ms)
				BeforeProcessingInitializeOnLoad (159ms)
				ProcessInitializeOnLoadAttributes (414ms)
				ProcessInitializeOnLoadMethodAttributes (8ms)
				AfterProcessingInitializeOnLoad (15ms)
				EditorAssembliesLoaded (1ms)
			ExecutionOrderSort2 (0ms)
			AwakeInstancesAfterBackupRestoration (14ms)
Platform modules already initialized, skipping
========================================================================
Worker process is ready to serve import requests
Launched and connected shader compiler UnityShaderCompiler.exe after 0.10 seconds
Refreshing native plugins compatible for Editor in 0.61 ms, found 2 plugins.
Preloading 0 native plugins for Editor in 0.00 ms.
Unloading 1401 Unused Serialized files (Serialized files now loaded: 0)
System memory in use before: 65.1 MB.
System memory in use after: 65.2 MB.

Unloading 16 unused Assets to reduce memory usage. Loaded Objects now: 1837.
Total: 4.694000 ms (FindLiveObjects: 0.193600 ms CreateObjectMapping: 0.090200 ms MarkObjects: 4.310900 ms  DeleteObjects: 0.096900 ms)

AssetImportParameters requested are different than current active one (requested -> active):
  custom:framework-win-MediaFoundation: 216162199b28c13a410421893ffa2e32 -> 
  custom:video-decoder-ogg-theora: a1e56fd34408186e4bbccfd4996cb3dc -> 
  custom:container-muxer-webm: aa71ff27fc2769a1b78a27578f13a17b -> 
  custom:container-demuxer-webm: 4f35f7cbe854078d1ac9338744f61a02 -> 
  custom:container-demuxer-ogg: 62fdf1f143b41e24485cea50d1cbac27 -> 
  custom:video-encoder-webm-vp8: eb34c28f22e8b96e1ab97ce403110664 -> 
  custom:video-decoder-webm-vp8: 9c59270c3fd7afecdb556c50c9e8de78 -> 
  custom:audio-decoder-ogg-vorbis: bf7c407c2cedff20999df2af8eb42d56 -> 
  custom:audio-encoder-webm-vorbis: bf7c407c2cedff20999df2af8eb42d56 -> 
========================================================================
Received Import Request.
  path: Assets/T_Butterfly_02.png
  artifactKey: Guid(fd60a92daecd2af43975660df89b3794) Importer(815301076,1909f56bfc062723c751e8b465ee728b)
Start importing Assets/T_Butterfly_02.png using Guid(fd60a92daecd2af43975660df89b3794) Importer(815301076,1909f56bfc062723c751e8b465ee728b)  -> (artifact id: '7569f29c58538934f644017532a82a3a') in 0.148454 seconds 
  Import took 0.165039 seconds .

========================================================================
Received Import Request.
  Time since last request: 0.000321 seconds.
  path: Assets/T_Butterfly_01.png
  artifactKey: Guid(c959c49a9512c9146a7795412531862c) Importer(815301076,1909f56bfc062723c751e8b465ee728b)
Start importing Assets/T_Butterfly_01.png using Guid(c959c49a9512c9146a7795412531862c) Importer(815301076,1909f56bfc062723c751e8b465ee728b)  -> (artifact id: '2e4dfe840cfbe7961e803273d1c2174d') in 0.023102 seconds 
  Import took 0.026412 seconds .

========================================================================
Received Import Request.
  Time since last request: 0.000340 seconds.
  path: Assets/SK_Butterfly.fbx
  artifactKey: Guid(a7c29033187784c40ac44d97df88e596) Importer(815301076,1909f56bfc062723c751e8b465ee728b)
Start importing Assets/SK_Butterfly.fbx using Guid(a7c29033187784c40ac44d97df88e596) Importer(815301076,1909f56bfc062723c751e8b465ee728b)  -> (artifact id: '382d56e21fe8f160e82abd33297e3152') in 0.235595 seconds 
  Import took 0.239340 seconds .

========================================================================
Received Import Request.
  Time since last request: 116.711703 seconds.
  path: Assets/T_Background_01.jpg
  artifactKey: Guid(fb57f282e01ecf74886b74ef4a8799ac) Importer(815301076,1909f56bfc062723c751e8b465ee728b)
Start importing Assets/T_Background_01.jpg using Guid(fb57f282e01ecf74886b74ef4a8799ac) Importer(815301076,1909f56bfc062723c751e8b465ee728b)  -> (artifact id: 'b02be53e3483d5ca8f6eadd399d14eb4') in 0.021087 seconds 
  Import took 0.026056 seconds .

========================================================================
Received Import Request.
  Time since last request: 0.000320 seconds.
  path: Assets/T_Background_02.jpg
  artifactKey: Guid(6e3a2af0a2152aa4e85cfc83d24d1699) Importer(815301076,1909f56bfc062723c751e8b465ee728b)
Start importing Assets/T_Background_02.jpg using Guid(6e3a2af0a2152aa4e85cfc83d24d1699) Importer(815301076,1909f56bfc062723c751e8b465ee728b)  -> (artifact id: '888cf747c370ebab02a9e568ab95ea42') in 0.010850 seconds 
  Import took 0.014391 seconds .

========================================================================
Received Import Request.
  Time since last request: 272.923769 seconds.
  path: Assets/New Material 1.mat
  artifactKey: Guid(2290466a99bbb6e438408494489c9459) Importer(815301076,1909f56bfc062723c751e8b465ee728b)
Start importing Assets/New Material 1.mat using Guid(2290466a99bbb6e438408494489c9459) Importer(815301076,1909f56bfc062723c751e8b465ee728b)  -> (artifact id: '17b70aa153af92d1d906ce21dafed7e0') in 0.018673 seconds 
  Import took 0.023051 seconds .

========================================================================
Received Import Request.
  Time since last request: 915.938769 seconds.
  path: Assets/Scripts/Pause.cs
  artifactKey: Guid(096a91be30033e94bbc65a78aa79e2e4) Importer(815301076,1909f56bfc062723c751e8b465ee728b)
Start importing Assets/Scripts/Pause.cs using Guid(096a91be30033e94bbc65a78aa79e2e4) Importer(815301076,1909f56bfc062723c751e8b465ee728b)  -> (artifact id: 'fc871a75080d28968bb5e643293d36b2') in 0.011186 seconds 
  Import took 0.015957 seconds .

========================================================================
Received Prepare
Registering precompiled user dll's ...
Registered in 0.005554 seconds.
Begin MonoManager ReloadAssembly
Native extension for WindowsStandalone target not found
Refreshing native plugins compatible for Editor in 0.63 ms, found 2 plugins.
Preloading 0 native plugins for Editor in 0.00 ms.
Mono: successfully reloaded assembly
- Completed reload, in  1.860 seconds
Domain Reload Profiling:
	ReloadAssembly (1861ms)
		BeginReloadAssembly (212ms)
			ExecutionOrderSort (0ms)
			DisableScriptedObjects (8ms)
			BackupInstance (0ms)
			ReleaseScriptingObjects (0ms)
			CreateAndSetChildDomain (56ms)
		EndReloadAssembly (1523ms)
			LoadAssemblies (175ms)
			RebuildTransferFunctionScriptingTraits (0ms)
			SetupTypeCache (531ms)
			ReleaseScriptCaches (1ms)
			RebuildScriptCaches (78ms)
			SetupLoadedEditorAssemblies (553ms)
				LogAssemblyErrors (0ms)
				InitializePlatformSupportModulesInManaged (10ms)
				SetLoadedEditorAssemblies (1ms)
				RefreshPlugins (1ms)
				BeforeProcessingInitializeOnLoad (142ms)
				ProcessInitializeOnLoadAttributes (376ms)
				ProcessInitializeOnLoadMethodAttributes (8ms)
				AfterProcessingInitializeOnLoad (15ms)
				EditorAssembliesLoaded (0ms)
			ExecutionOrderSort2 (0ms)
			AwakeInstancesAfterBackupRestoration (13ms)
Platform modules already initialized, skipping
Refreshing native plugins compatible for Editor in 0.60 ms, found 2 plugins.
Preloading 0 native plugins for Editor in 0.00 ms.
Unloading 1396 Unused Serialized files (Serialized files now loaded: 0)
System memory in use before: 82.0 MB.
System memory in use after: 82.1 MB.

Unloading 11 unused Assets to reduce memory usage. Loaded Objects now: 1886.
Total: 4.469600 ms (FindLiveObjects: 0.191200 ms CreateObjectMapping: 0.087000 ms MarkObjects: 4.162800 ms  DeleteObjects: 0.026200 ms)

AssetImportParameters requested are different than current active one (requested -> active):
  custom:framework-win-MediaFoundation: 216162199b28c13a410421893ffa2e32 -> 
  custom:video-decoder-ogg-theora: a1e56fd34408186e4bbccfd4996cb3dc -> 
  custom:container-muxer-webm: aa71ff27fc2769a1b78a27578f13a17b -> 
  custom:container-demuxer-webm: 4f35f7cbe854078d1ac9338744f61a02 -> 
  custom:container-demuxer-ogg: 62fdf1f143b41e24485cea50d1cbac27 -> 
  custom:video-encoder-webm-vp8: eb34c28f22e8b96e1ab97ce403110664 -> 
  custom:video-decoder-webm-vp8: 9c59270c3fd7afecdb556c50c9e8de78 -> 
  custom:audio-decoder-ogg-vorbis: bf7c407c2cedff20999df2af8eb42d56 -> 
  custom:audio-encoder-webm-vorbis: bf7c407c2cedff20999df2af8eb42d56 -> 
========================================================================
Received Import Request.
  Time since last request: 536.511051 seconds.
  path: Assets/Font.ttf
  artifactKey: Guid(984129cf505e887439ca99bc5ce6cbd6) Importer(815301076,1909f56bfc062723c751e8b465ee728b)
Start importing Assets/Font.ttf using Guid(984129cf505e887439ca99bc5ce6cbd6) Importer(815301076,1909f56bfc062723c751e8b465ee728b)  -> (artifact id: '03a391d9b6c6aedd65cadd8a159db5c4') in 0.185361 seconds 
  Import took 0.190047 seconds .

========================================================================
Received Import Request.
  Time since last request: 17.741783 seconds.
  path: Assets/Font.ttf
  artifactKey: Guid(984129cf505e887439ca99bc5ce6cbd6) Importer(815301076,1909f56bfc062723c751e8b465ee728b)
Start importing Assets/Font.ttf using Guid(984129cf505e887439ca99bc5ce6cbd6) Importer(815301076,1909f56bfc062723c751e8b465ee728b)  -> (artifact id: 'dec81e46af916f28707d37fe5f799ec8') in 0.016729 seconds 
  Import took 0.020508 seconds .

========================================================================
Received Import Request.
  Time since last request: 81.279081 seconds.
  path: Assets/etna-free-font.otf
  artifactKey: Guid(151de534819eaa9479b343b9f1ef8557) Importer(815301076,1909f56bfc062723c751e8b465ee728b)
Start importing Assets/etna-free-font.otf using Guid(151de534819eaa9479b343b9f1ef8557) Importer(815301076,1909f56bfc062723c751e8b465ee728b)  -> (artifact id: 'ec287a1d5f977fb0eba204ca2389e9a3') in 0.018630 seconds 
  Import took 0.033200 seconds .

========================================================================
Received Import Request.
  Time since last request: 18.722922 seconds.
  path: Assets/etna-free-font.otf
  artifactKey: Guid(151de534819eaa9479b343b9f1ef8557) Importer(815301076,1909f56bfc062723c751e8b465ee728b)
Start importing Assets/etna-free-font.otf using Guid(151de534819eaa9479b343b9f1ef8557) Importer(815301076,1909f56bfc062723c751e8b465ee728b)  -> (artifact id: '91548d772ab08b6e5bd5ce04f8f8cc0d') in 0.017671 seconds 
  Import took 0.021788 seconds .

========================================================================
Received Import Request.
  Time since last request: 3.189367 seconds.
  path: Assets/etna-free-font.otf
  artifactKey: Guid(151de534819eaa9479b343b9f1ef8557) Importer(815301076,1909f56bfc062723c751e8b465ee728b)
Start importing Assets/etna-free-font.otf using Guid(151de534819eaa9479b343b9f1ef8557) Importer(815301076,1909f56bfc062723c751e8b465ee728b)  -> (artifact id: '4124525644cfb22870752d47480dedb6') in 0.015508 seconds 
  Import took 0.019222 seconds .

========================================================================
Received Import Request.
  Time since last request: 47.518826 seconds.
  path: Assets/etna-free-font.otf
  artifactKey: Guid(151de534819eaa9479b343b9f1ef8557) Importer(815301076,1909f56bfc062723c751e8b465ee728b)
Start importing Assets/etna-free-font.otf using Guid(151de534819eaa9479b343b9f1ef8557) Importer(815301076,1909f56bfc062723c751e8b465ee728b)  -> (artifact id: 'dadaae9c10e4e943ab3cf6f7b32d5e47') in 0.040658 seconds 
  Import took 0.046302 seconds .

========================================================================
Received Import Request.
  Time since last request: 13.495442 seconds.
  path: Assets/New Material.mat
  artifactKey: Guid(d895f342b86e8704d8cec5406edeb677) Importer(815301076,1909f56bfc062723c751e8b465ee728b)
Start importing Assets/New Material.mat using Guid(d895f342b86e8704d8cec5406edeb677) Importer(815301076,1909f56bfc062723c751e8b465ee728b)  -> (artifact id: '6d34532890bb5c38fe0237510b59e9f1') in 0.020669 seconds 
  Import took 0.028843 seconds .

========================================================================
Received Import Request.
  Time since last request: 7.361411 seconds.
  path: Assets/Fonts
  artifactKey: Guid(cf13dca54c4d5be418754282f431edab) Importer(815301076,1909f56bfc062723c751e8b465ee728b)
Start importing Assets/Fonts using Guid(cf13dca54c4d5be418754282f431edab) Importer(815301076,1909f56bfc062723c751e8b465ee728b)  -> (artifact id: '2a473ac62e05e79d5a992ac38d282012') in 0.001976 seconds 
  Import took 0.005301 seconds .

========================================================================
Received Import Request.
  Time since last request: 10.074484 seconds.
  path: Assets/Images
  artifactKey: Guid(43c0f8c662926c34ea45179e1a10de4e) Importer(815301076,1909f56bfc062723c751e8b465ee728b)
Start importing Assets/Images using Guid(43c0f8c662926c34ea45179e1a10de4e) Importer(815301076,1909f56bfc062723c751e8b465ee728b)  -> (artifact id: '8e3246e27b3c3c684b081ed3dc1c846a') in 0.001927 seconds 
  Import took 0.005643 seconds .

========================================================================
Received Prepare
Registering precompiled user dll's ...
Registered in 0.003840 seconds.
Begin MonoManager ReloadAssembly
Native extension for WindowsStandalone target not found
Refreshing native plugins compatible for Editor in 0.61 ms, found 2 plugins.
Preloading 0 native plugins for Editor in 0.00 ms.
Mono: successfully reloaded assembly
- Completed reload, in  1.865 seconds
Domain Reload Profiling:
	ReloadAssembly (1866ms)
		BeginReloadAssembly (203ms)
			ExecutionOrderSort (0ms)
			DisableScriptedObjects (8ms)
			BackupInstance (0ms)
			ReleaseScriptingObjects (0ms)
			CreateAndSetChildDomain (58ms)
		EndReloadAssembly (1529ms)
			LoadAssemblies (169ms)
			RebuildTransferFunctionScriptingTraits (0ms)
			SetupTypeCache (526ms)
			ReleaseScriptCaches (1ms)
			RebuildScriptCaches (80ms)
			SetupLoadedEditorAssemblies (556ms)
				LogAssemblyErrors (0ms)
				InitializePlatformSupportModulesInManaged (10ms)
				SetLoadedEditorAssemblies (1ms)
				RefreshPlugins (1ms)
				BeforeProcessingInitializeOnLoad (144ms)
				ProcessInitializeOnLoadAttributes (377ms)
				ProcessInitializeOnLoadMethodAttributes (8ms)
				AfterProcessingInitializeOnLoad (15ms)
				EditorAssembliesLoaded (0ms)
			ExecutionOrderSort2 (0ms)
			AwakeInstancesAfterBackupRestoration (14ms)
Platform modules already initialized, skipping
Refreshing native plugins compatible for Editor in 0.61 ms, found 2 plugins.
Preloading 0 native plugins for Editor in 0.00 ms.
Unloading 1396 Unused Serialized files (Serialized files now loaded: 0)
System memory in use before: 82.2 MB.
System memory in use after: 82.3 MB.

Unloading 11 unused Assets to reduce memory usage. Loaded Objects now: 1895.
Total: 4.675000 ms (FindLiveObjects: 0.323100 ms CreateObjectMapping: 0.134200 ms MarkObjects: 4.190700 ms  DeleteObjects: 0.024900 ms)

AssetImportParameters requested are different than current active one (requested -> active):
  custom:framework-win-MediaFoundation: 216162199b28c13a410421893ffa2e32 -> 
  custom:video-decoder-ogg-theora: a1e56fd34408186e4bbccfd4996cb3dc -> 
  custom:container-muxer-webm: aa71ff27fc2769a1b78a27578f13a17b -> 
  custom:container-demuxer-webm: 4f35f7cbe854078d1ac9338744f61a02 -> 
  custom:container-demuxer-ogg: 62fdf1f143b41e24485cea50d1cbac27 -> 
  custom:video-encoder-webm-vp8: eb34c28f22e8b96e1ab97ce403110664 -> 
  custom:video-decoder-webm-vp8: 9c59270c3fd7afecdb556c50c9e8de78 -> 
  custom:audio-decoder-ogg-vorbis: bf7c407c2cedff20999df2af8eb42d56 -> 
  custom:audio-encoder-webm-vorbis: bf7c407c2cedff20999df2af8eb42d56 -> 
========================================================================
Received Prepare
Registering precompiled user dll's ...
Registered in 0.003902 seconds.
Begin MonoManager ReloadAssembly
Native extension for WindowsStandalone target not found
Refreshing native plugins compatible for Editor in 0.61 ms, found 2 plugins.
Preloading 0 native plugins for Editor in 0.00 ms.
Mono: successfully reloaded assembly
- Completed reload, in  1.837 seconds
Domain Reload Profiling:
	ReloadAssembly (1837ms)
		BeginReloadAssembly (196ms)
			ExecutionOrderSort (0ms)
			DisableScriptedObjects (10ms)
			BackupInstance (0ms)
			ReleaseScriptingObjects (0ms)
			CreateAndSetChildDomain (55ms)
		EndReloadAssembly (1514ms)
			LoadAssemblies (168ms)
			RebuildTransferFunctionScriptingTraits (0ms)
			SetupTypeCache (520ms)
			ReleaseScriptCaches (1ms)
			RebuildScriptCaches (79ms)
			SetupLoadedEditorAssemblies (552ms)
				LogAssemblyErrors (0ms)
				InitializePlatformSupportModulesInManaged (10ms)
				SetLoadedEditorAssemblies (1ms)
				RefreshPlugins (1ms)
				BeforeProcessingInitializeOnLoad (144ms)
				ProcessInitializeOnLoadAttributes (374ms)
				ProcessInitializeOnLoadMethodAttributes (8ms)
				AfterProcessingInitializeOnLoad (15ms)
				EditorAssembliesLoaded (0ms)
			ExecutionOrderSort2 (0ms)
			AwakeInstancesAfterBackupRestoration (14ms)
Platform modules already initialized, skipping
Refreshing native plugins compatible for Editor in 0.61 ms, found 2 plugins.
Preloading 0 native plugins for Editor in 0.00 ms.
Unloading 1396 Unused Serialized files (Serialized files now loaded: 0)
System memory in use before: 82.3 MB.
System memory in use after: 82.4 MB.

Unloading 11 unused Assets to reduce memory usage. Loaded Objects now: 1897.
Total: 4.669100 ms (FindLiveObjects: 0.185800 ms CreateObjectMapping: 0.105300 ms MarkObjects: 4.350400 ms  DeleteObjects: 0.025800 ms)

AssetImportParameters requested are different than current active one (requested -> active):
  custom:framework-win-MediaFoundation: 216162199b28c13a410421893ffa2e32 -> 
  custom:video-decoder-ogg-theora: a1e56fd34408186e4bbccfd4996cb3dc -> 
  custom:container-muxer-webm: aa71ff27fc2769a1b78a27578f13a17b -> 
  custom:container-demuxer-webm: 4f35f7cbe854078d1ac9338744f61a02 -> 
  custom:container-demuxer-ogg: 62fdf1f143b41e24485cea50d1cbac27 -> 
  custom:video-encoder-webm-vp8: eb34c28f22e8b96e1ab97ce403110664 -> 
  custom:video-decoder-webm-vp8: 9c59270c3fd7afecdb556c50c9e8de78 -> 
  custom:audio-decoder-ogg-vorbis: bf7c407c2cedff20999df2af8eb42d56 -> 
  custom:audio-encoder-webm-vorbis: bf7c407c2cedff20999df2af8eb42d56 -> 
========================================================================
Received Prepare
Registering precompiled user dll's ...
Registered in 0.003788 seconds.
Begin MonoManager ReloadAssembly
Native extension for WindowsStandalone target not found
Refreshing native plugins compatible for Editor in 0.60 ms, found 2 plugins.
Preloading 0 native plugins for Editor in 0.00 ms.
Mono: successfully reloaded assembly
- Completed reload, in  1.835 seconds
Domain Reload Profiling:
	ReloadAssembly (1835ms)
		BeginReloadAssembly (196ms)
			ExecutionOrderSort (0ms)
			DisableScriptedObjects (10ms)
			BackupInstance (0ms)
			ReleaseScriptingObjects (0ms)
			CreateAndSetChildDomain (54ms)
		EndReloadAssembly (1514ms)
			LoadAssemblies (165ms)
			RebuildTransferFunctionScriptingTraits (0ms)
			SetupTypeCache (509ms)
			ReleaseScriptCaches (1ms)
			RebuildScriptCaches (80ms)
			SetupLoadedEditorAssemblies (561ms)
				LogAssemblyErrors (0ms)
				InitializePlatformSupportModulesInManaged (10ms)
				SetLoadedEditorAssemblies (1ms)
				RefreshPlugins (1ms)
				BeforeProcessingInitializeOnLoad (145ms)
				ProcessInitializeOnLoadAttributes (381ms)
				ProcessInitializeOnLoadMethodAttributes (8ms)
				AfterProcessingInitializeOnLoad (15ms)
				EditorAssembliesLoaded (0ms)
			ExecutionOrderSort2 (0ms)
			AwakeInstancesAfterBackupRestoration (13ms)
Platform modules already initialized, skipping
Refreshing native plugins compatible for Editor in 0.60 ms, found 2 plugins.
Preloading 0 native plugins for Editor in 0.00 ms.
Unloading 1396 Unused Serialized files (Serialized files now loaded: 0)
System memory in use before: 82.3 MB.
System memory in use after: 82.4 MB.

Unloading 11 unused Assets to reduce memory usage. Loaded Objects now: 1899.
Total: 4.638800 ms (FindLiveObjects: 0.201200 ms CreateObjectMapping: 0.092700 ms MarkObjects: 4.317400 ms  DeleteObjects: 0.025900 ms)

AssetImportParameters requested are different than current active one (requested -> active):
  custom:framework-win-MediaFoundation: 216162199b28c13a410421893ffa2e32 -> 
  custom:video-decoder-ogg-theora: a1e56fd34408186e4bbccfd4996cb3dc -> 
  custom:container-muxer-webm: aa71ff27fc2769a1b78a27578f13a17b -> 
  custom:container-demuxer-webm: 4f35f7cbe854078d1ac9338744f61a02 -> 
  custom:container-demuxer-ogg: 62fdf1f143b41e24485cea50d1cbac27 -> 
  custom:video-encoder-webm-vp8: eb34c28f22e8b96e1ab97ce403110664 -> 
  custom:video-decoder-webm-vp8: 9c59270c3fd7afecdb556c50c9e8de78 -> 
  custom:audio-decoder-ogg-vorbis: bf7c407c2cedff20999df2af8eb42d56 -> 
  custom:audio-encoder-webm-vorbis: bf7c407c2cedff20999df2af8eb42d56 -> 
========================================================================
Received Prepare
Registering precompiled user dll's ...
Registered in 0.003725 seconds.
Begin MonoManager ReloadAssembly
Native extension for WindowsStandalone target not found
Refreshing native plugins compatible for Editor in 0.63 ms, found 2 plugins.
Preloading 0 native plugins for Editor in 0.00 ms.
Mono: successfully reloaded assembly
- Completed reload, in  1.954 seconds
Domain Reload Profiling:
	ReloadAssembly (1954ms)
		BeginReloadAssembly (208ms)
			ExecutionOrderSort (0ms)
			DisableScriptedObjects (10ms)
			BackupInstance (0ms)
			ReleaseScriptingObjects (0ms)
			CreateAndSetChildDomain (54ms)
		EndReloadAssembly (1616ms)
			LoadAssemblies (175ms)
			RebuildTransferFunctionScriptingTraits (0ms)
			SetupTypeCache (561ms)
			ReleaseScriptCaches (1ms)
			RebuildScriptCaches (81ms)
			SetupLoadedEditorAssemblies (591ms)
				LogAssemblyErrors (0ms)
				InitializePlatformSupportModulesInManaged (10ms)
				SetLoadedEditorAssemblies (1ms)
				RefreshPlugins (1ms)
				BeforeProcessingInitializeOnLoad (149ms)
				ProcessInitializeOnLoadAttributes (401ms)
				ProcessInitializeOnLoadMethodAttributes (8ms)
				AfterProcessingInitializeOnLoad (21ms)
				EditorAssembliesLoaded (0ms)
			ExecutionOrderSort2 (0ms)
			AwakeInstancesAfterBackupRestoration (14ms)
Platform modules already initialized, skipping
Refreshing native plugins compatible for Editor in 0.63 ms, found 2 plugins.
Preloading 0 native plugins for Editor in 0.00 ms.
Unloading 1396 Unused Serialized files (Serialized files now loaded: 0)
System memory in use before: 82.3 MB.
System memory in use after: 82.4 MB.

Unloading 11 unused Assets to reduce memory usage. Loaded Objects now: 1901.
Total: 4.581000 ms (FindLiveObjects: 0.197200 ms CreateObjectMapping: 0.090500 ms MarkObjects: 4.263800 ms  DeleteObjects: 0.027000 ms)

AssetImportParameters requested are different than current active one (requested -> active):
  custom:framework-win-MediaFoundation: 216162199b28c13a410421893ffa2e32 -> 
  custom:video-decoder-ogg-theora: a1e56fd34408186e4bbccfd4996cb3dc -> 
  custom:container-muxer-webm: aa71ff27fc2769a1b78a27578f13a17b -> 
  custom:container-demuxer-webm: 4f35f7cbe854078d1ac9338744f61a02 -> 
  custom:container-demuxer-ogg: 62fdf1f143b41e24485cea50d1cbac27 -> 
  custom:video-encoder-webm-vp8: eb34c28f22e8b96e1ab97ce403110664 -> 
  custom:video-decoder-webm-vp8: 9c59270c3fd7afecdb556c50c9e8de78 -> 
  custom:audio-decoder-ogg-vorbis: bf7c407c2cedff20999df2af8eb42d56 -> 
  custom:audio-encoder-webm-vorbis: bf7c407c2cedff20999df2af8eb42d56 -> 
========================================================================
Received Import Request.
  Time since last request: 813.426711 seconds.
  path: Assets/Scripts/GameManager.cs
  artifactKey: Guid(da0a613271d488244b89d4b610d9f76b) Importer(815301076,1909f56bfc062723c751e8b465ee728b)
Start importing Assets/Scripts/GameManager.cs using Guid(da0a613271d488244b89d4b610d9f76b) Importer(815301076,1909f56bfc062723c751e8b465ee728b)  -> (artifact id: 'febaf23e23af2c014148b4d3ccebb257') in 0.011101 seconds 
  Import took 0.025285 seconds .

========================================================================
Received Import Request.
  Time since last request: 6.646987 seconds.
  path: Assets/Scripts/GameManager.cs
  artifactKey: Guid(da0a613271d488244b89d4b610d9f76b) Importer(815301076,1909f56bfc062723c751e8b465ee728b)
Start importing Assets/Scripts/GameManager.cs using Guid(da0a613271d488244b89d4b610d9f76b) Importer(815301076,1909f56bfc062723c751e8b465ee728b)  -> (artifact id: '59036f05e42994270a05b79420001f4f') in 0.002180 seconds 
  Import took 0.015269 seconds .

========================================================================
Received Import Request.
  Time since last request: 32.821759 seconds.
  path: Assets/Scripts/GameManager.cs
  artifactKey: Guid(da0a613271d488244b89d4b610d9f76b) Importer(815301076,1909f56bfc062723c751e8b465ee728b)
Start importing Assets/Scripts/GameManager.cs using Guid(da0a613271d488244b89d4b610d9f76b) Importer(815301076,1909f56bfc062723c751e8b465ee728b)  -> (artifact id: '5a99a07bd6fa18bce8a9f4bda959c3aa') in 0.002407 seconds 
  Import took 0.010923 seconds .

========================================================================
Received Import Request.
  Time since last request: 31.336752 seconds.
  path: Assets/Scripts/GameManager.cs
  artifactKey: Guid(da0a613271d488244b89d4b610d9f76b) Importer(815301076,1909f56bfc062723c751e8b465ee728b)
Start importing Assets/Scripts/GameManager.cs using Guid(da0a613271d488244b89d4b610d9f76b) Importer(815301076,1909f56bfc062723c751e8b465ee728b)  -> (artifact id: '5331b0bacad67aa4c06040a59b5d3d37') in 0.001869 seconds 
  Import took 0.015880 seconds .

========================================================================
Received Import Request.
  Time since last request: 0.000553 seconds.
  path: Assets/Scripts/GameManager.cs
  artifactKey: Guid(da0a613271d488244b89d4b610d9f76b) Importer(815301076,1909f56bfc062723c751e8b465ee728b)
Start importing Assets/Scripts/GameManager.cs using Guid(da0a613271d488244b89d4b610d9f76b) Importer(815301076,1909f56bfc062723c751e8b465ee728b)  -> (artifact id: '5331b0bacad67aa4c06040a59b5d3d37') in 0.001912 seconds 
  Import took 0.005100 seconds .

========================================================================
Received Import Request.
  Time since last request: 81.359038 seconds.
  path: Assets/Scripts/GameManager.cs
  artifactKey: Guid(da0a613271d488244b89d4b610d9f76b) Importer(815301076,1909f56bfc062723c751e8b465ee728b)
Start importing Assets/Scripts/GameManager.cs using Guid(da0a613271d488244b89d4b610d9f76b) Importer(815301076,1909f56bfc062723c751e8b465ee728b)  -> (artifact id: 'ee4a1bb315def7c45ba76ceaeb6ddfa6') in 0.001951 seconds 
  Import took 0.005651 seconds .

========================================================================
Received Import Request.
  Time since last request: 0.004026 seconds.
  path: Assets/Scripts/GameManager.cs
  artifactKey: Guid(da0a613271d488244b89d4b610d9f76b) Importer(815301076,1909f56bfc062723c751e8b465ee728b)
Start importing Assets/Scripts/GameManager.cs using Guid(da0a613271d488244b89d4b610d9f76b) Importer(815301076,1909f56bfc062723c751e8b465ee728b)  -> (artifact id: 'ee4a1bb315def7c45ba76ceaeb6ddfa6') in 0.002054 seconds 
  Import took 0.005397 seconds .

========================================================================
Received Import Request.
  Time since last request: 19.461555 seconds.
  path: Assets/Scripts/GameManager.cs
  artifactKey: Guid(da0a613271d488244b89d4b610d9f76b) Importer(815301076,1909f56bfc062723c751e8b465ee728b)
Start importing Assets/Scripts/GameManager.cs using Guid(da0a613271d488244b89d4b610d9f76b) Importer(815301076,1909f56bfc062723c751e8b465ee728b)  -> (artifact id: '7e2a7dd60222f10e4a2ad18e3efb51a6') in 0.001995 seconds 
  Import took 0.026720 seconds .

========================================================================
Received Prepare
Registering precompiled user dll's ...
Registered in 0.003800 seconds.
Begin MonoManager ReloadAssembly
Native extension for WindowsStandalone target not found
Refreshing native plugins compatible for Editor in 0.61 ms, found 2 plugins.
Preloading 0 native plugins for Editor in 0.00 ms.
Mono: successfully reloaded assembly
- Completed reload, in  1.924 seconds
Domain Reload Profiling:
	ReloadAssembly (1925ms)
		BeginReloadAssembly (221ms)
			ExecutionOrderSort (0ms)
			DisableScriptedObjects (10ms)
			BackupInstance (0ms)
			ReleaseScriptingObjects (0ms)
			CreateAndSetChildDomain (83ms)
		EndReloadAssembly (1577ms)
			LoadAssemblies (181ms)
			RebuildTransferFunctionScriptingTraits (0ms)
			SetupTypeCache (547ms)
			ReleaseScriptCaches (1ms)
			RebuildScriptCaches (80ms)
			SetupLoadedEditorAssemblies (563ms)
				LogAssemblyErrors (0ms)
				InitializePlatformSupportModulesInManaged (10ms)
				SetLoadedEditorAssemblies (1ms)
				RefreshPlugins (1ms)
				BeforeProcessingInitializeOnLoad (146ms)
				ProcessInitializeOnLoadAttributes (381ms)
				ProcessInitializeOnLoadMethodAttributes (8ms)
				AfterProcessingInitializeOnLoad (15ms)
				EditorAssembliesLoaded (0ms)
			ExecutionOrderSort2 (0ms)
			AwakeInstancesAfterBackupRestoration (14ms)
Platform modules already initialized, skipping
Refreshing native plugins compatible for Editor in 0.63 ms, found 2 plugins.
Preloading 0 native plugins for Editor in 0.00 ms.
Unloading 1396 Unused Serialized files (Serialized files now loaded: 0)
System memory in use before: 82.3 MB.
System memory in use after: 82.4 MB.

Unloading 11 unused Assets to reduce memory usage. Loaded Objects now: 1903.
Total: 4.620100 ms (FindLiveObjects: 0.198900 ms CreateObjectMapping: 0.089700 ms MarkObjects: 4.304400 ms  DeleteObjects: 0.025000 ms)

AssetImportParameters requested are different than current active one (requested -> active):
  custom:framework-win-MediaFoundation: 216162199b28c13a410421893ffa2e32 -> 
  custom:video-decoder-ogg-theora: a1e56fd34408186e4bbccfd4996cb3dc -> 
  custom:container-muxer-webm: aa71ff27fc2769a1b78a27578f13a17b -> 
  custom:container-demuxer-webm: 4f35f7cbe854078d1ac9338744f61a02 -> 
  custom:container-demuxer-ogg: 62fdf1f143b41e24485cea50d1cbac27 -> 
  custom:video-encoder-webm-vp8: eb34c28f22e8b96e1ab97ce403110664 -> 
  custom:video-decoder-webm-vp8: 9c59270c3fd7afecdb556c50c9e8de78 -> 
  custom:audio-decoder-ogg-vorbis: bf7c407c2cedff20999df2af8eb42d56 -> 
  custom:audio-encoder-webm-vorbis: bf7c407c2cedff20999df2af8eb42d56 -> 
========================================================================
Received Import Request.
  Time since last request: 62.858729 seconds.
  path: Assets/Scripts/GameManager.cs
  artifactKey: Guid(da0a613271d488244b89d4b610d9f76b) Importer(815301076,1909f56bfc062723c751e8b465ee728b)
Start importing Assets/Scripts/GameManager.cs using Guid(da0a613271d488244b89d4b610d9f76b) Importer(815301076,1909f56bfc062723c751e8b465ee728b)  -> (artifact id: '274fafa03756667672aea7361b046fd2') in 0.006043 seconds 
  Import took 0.009837 seconds .

========================================================================
Received Import Request.
  Time since last request: 0.001889 seconds.
  path: Assets/Scripts/GameManager.cs
  artifactKey: Guid(da0a613271d488244b89d4b610d9f76b) Importer(815301076,1909f56bfc062723c751e8b465ee728b)
Start importing Assets/Scripts/GameManager.cs using Guid(da0a613271d488244b89d4b610d9f76b) Importer(815301076,1909f56bfc062723c751e8b465ee728b)  -> (artifact id: '274fafa03756667672aea7361b046fd2') in 0.002055 seconds 
  Import took 0.005513 seconds .

========================================================================
Received Prepare
Registering precompiled user dll's ...
Registered in 0.003789 seconds.
Begin MonoManager ReloadAssembly
Native extension for WindowsStandalone target not found
Refreshing native plugins compatible for Editor in 0.62 ms, found 2 plugins.
Preloading 0 native plugins for Editor in 0.00 ms.
Mono: successfully reloaded assembly
- Completed reload, in  1.836 seconds
Domain Reload Profiling:
	ReloadAssembly (1837ms)
		BeginReloadAssembly (196ms)
			ExecutionOrderSort (0ms)
			DisableScriptedObjects (9ms)
			BackupInstance (0ms)
			ReleaseScriptingObjects (0ms)
			CreateAndSetChildDomain (50ms)
		EndReloadAssembly (1499ms)
			LoadAssemblies (170ms)
			RebuildTransferFunctionScriptingTraits (0ms)
			SetupTypeCache (505ms)
			ReleaseScriptCaches (1ms)
			RebuildScriptCaches (79ms)
			SetupLoadedEditorAssemblies (550ms)
				LogAssemblyErrors (0ms)
				InitializePlatformSupportModulesInManaged (10ms)
				SetLoadedEditorAssemblies (1ms)
				RefreshPlugins (1ms)
				BeforeProcessingInitializeOnLoad (139ms)
				ProcessInitializeOnLoadAttributes (377ms)
				ProcessInitializeOnLoadMethodAttributes (8ms)
				AfterProcessingInitializeOnLoad (15ms)
				EditorAssembliesLoaded (0ms)
			ExecutionOrderSort2 (0ms)
			AwakeInstancesAfterBackupRestoration (13ms)
Platform modules already initialized, skipping
Refreshing native plugins compatible for Editor in 0.64 ms, found 2 plugins.
Preloading 0 native plugins for Editor in 0.00 ms.
Unloading 1396 Unused Serialized files (Serialized files now loaded: 0)
System memory in use before: 82.3 MB.
System memory in use after: 82.4 MB.

Unloading 11 unused Assets to reduce memory usage. Loaded Objects now: 1905.
Total: 4.848900 ms (FindLiveObjects: 0.212100 ms CreateObjectMapping: 0.090900 ms MarkObjects: 4.515000 ms  DeleteObjects: 0.028500 ms)

AssetImportParameters requested are different than current active one (requested -> active):
  custom:framework-win-MediaFoundation: 216162199b28c13a410421893ffa2e32 -> 
  custom:video-decoder-ogg-theora: a1e56fd34408186e4bbccfd4996cb3dc -> 
  custom:container-muxer-webm: aa71ff27fc2769a1b78a27578f13a17b -> 
  custom:container-demuxer-webm: 4f35f7cbe854078d1ac9338744f61a02 -> 
  custom:container-demuxer-ogg: 62fdf1f143b41e24485cea50d1cbac27 -> 
  custom:video-encoder-webm-vp8: eb34c28f22e8b96e1ab97ce403110664 -> 
  custom:video-decoder-webm-vp8: 9c59270c3fd7afecdb556c50c9e8de78 -> 
  custom:audio-decoder-ogg-vorbis: bf7c407c2cedff20999df2af8eb42d56 -> 
  custom:audio-encoder-webm-vorbis: bf7c407c2cedff20999df2af8eb42d56 -> 
========================================================================
Received Import Request.
  Time since last request: 23.705511 seconds.
  path: Assets/Scripts/GameManager.cs
  artifactKey: Guid(da0a613271d488244b89d4b610d9f76b) Importer(815301076,1909f56bfc062723c751e8b465ee728b)
Start importing Assets/Scripts/GameManager.cs using Guid(da0a613271d488244b89d4b610d9f76b) Importer(815301076,1909f56bfc062723c751e8b465ee728b)  -> (artifact id: '7d61041bceb9e30022f4e50828a84247') in 0.005985 seconds 
  Import took 0.021367 seconds .

========================================================================
Received Import Request.
  Time since last request: 0.185682 seconds.
  path: Assets/Scripts/GameManager.cs
  artifactKey: Guid(da0a613271d488244b89d4b610d9f76b) Importer(815301076,1909f56bfc062723c751e8b465ee728b)
Start importing Assets/Scripts/GameManager.cs using Guid(da0a613271d488244b89d4b610d9f76b) Importer(815301076,1909f56bfc062723c751e8b465ee728b)  -> (artifact id: '7d61041bceb9e30022f4e50828a84247') in 0.001918 seconds 
  Import took 0.005392 seconds .

========================================================================
Received Prepare
Registering precompiled user dll's ...
Registered in 0.003759 seconds.
Begin MonoManager ReloadAssembly
Native extension for WindowsStandalone target not found
Refreshing native plugins compatible for Editor in 0.62 ms, found 2 plugins.
Preloading 0 native plugins for Editor in 0.00 ms.
Mono: successfully reloaded assembly
- Completed reload, in  1.856 seconds
Domain Reload Profiling:
	ReloadAssembly (1856ms)
		BeginReloadAssembly (199ms)
			ExecutionOrderSort (0ms)
			DisableScriptedObjects (11ms)
			BackupInstance (0ms)
			ReleaseScriptingObjects (0ms)
			CreateAndSetChildDomain (50ms)
		EndReloadAssembly (1518ms)
			LoadAssemblies (177ms)
			RebuildTransferFunctionScriptingTraits (0ms)
			SetupTypeCache (503ms)
			ReleaseScriptCaches (1ms)
			RebuildScriptCaches (78ms)
			SetupLoadedEditorAssemblies (563ms)
				LogAssemblyErrors (0ms)
				InitializePlatformSupportModulesInManaged (11ms)
				SetLoadedEditorAssemblies (1ms)
				RefreshPlugins (1ms)
				BeforeProcessingInitializeOnLoad (145ms)
				ProcessInitializeOnLoadAttributes (382ms)
				ProcessInitializeOnLoadMethodAttributes (8ms)
				AfterProcessingInitializeOnLoad (15ms)
				EditorAssembliesLoaded (0ms)
			ExecutionOrderSort2 (0ms)
			AwakeInstancesAfterBackupRestoration (13ms)
Platform modules already initialized, skipping
Refreshing native plugins compatible for Editor in 0.60 ms, found 2 plugins.
Preloading 0 native plugins for Editor in 0.00 ms.
Unloading 1396 Unused Serialized files (Serialized files now loaded: 0)
System memory in use before: 82.3 MB.
System memory in use after: 82.4 MB.

Unloading 11 unused Assets to reduce memory usage. Loaded Objects now: 1907.
Total: 4.620100 ms (FindLiveObjects: 0.194400 ms CreateObjectMapping: 0.089800 ms MarkObjects: 4.296500 ms  DeleteObjects: 0.037400 ms)

AssetImportParameters requested are different than current active one (requested -> active):
  custom:framework-win-MediaFoundation: 216162199b28c13a410421893ffa2e32 -> 
  custom:video-decoder-ogg-theora: a1e56fd34408186e4bbccfd4996cb3dc -> 
  custom:container-muxer-webm: aa71ff27fc2769a1b78a27578f13a17b -> 
  custom:container-demuxer-webm: 4f35f7cbe854078d1ac9338744f61a02 -> 
  custom:container-demuxer-ogg: 62fdf1f143b41e24485cea50d1cbac27 -> 
  custom:video-encoder-webm-vp8: eb34c28f22e8b96e1ab97ce403110664 -> 
  custom:video-decoder-webm-vp8: 9c59270c3fd7afecdb556c50c9e8de78 -> 
  custom:audio-decoder-ogg-vorbis: bf7c407c2cedff20999df2af8eb42d56 -> 
  custom:audio-encoder-webm-vorbis: bf7c407c2cedff20999df2af8eb42d56 -> 
========================================================================
Received Import Request.
  Time since last request: 40.506821 seconds.
  path: Assets/Scripts/GameManager.cs
  artifactKey: Guid(da0a613271d488244b89d4b610d9f76b) Importer(815301076,1909f56bfc062723c751e8b465ee728b)
Start importing Assets/Scripts/GameManager.cs using Guid(da0a613271d488244b89d4b610d9f76b) Importer(815301076,1909f56bfc062723c751e8b465ee728b)  -> (artifact id: 'a119532898de87ca5291ed430c23b94e') in 0.006853 seconds 
  Import took 0.014674 seconds .

========================================================================
Received Import Request.
  Time since last request: 0.181694 seconds.
  path: Assets/Scripts/GameManager.cs
  artifactKey: Guid(da0a613271d488244b89d4b610d9f76b) Importer(815301076,1909f56bfc062723c751e8b465ee728b)
Start importing Assets/Scripts/GameManager.cs using Guid(da0a613271d488244b89d4b610d9f76b) Importer(815301076,1909f56bfc062723c751e8b465ee728b)  -> (artifact id: 'a119532898de87ca5291ed430c23b94e') in 0.002599 seconds 
  Import took 0.007666 seconds .

========================================================================
Received Prepare
Registering precompiled user dll's ...
Registered in 0.003703 seconds.
Begin MonoManager ReloadAssembly
Native extension for WindowsStandalone target not found
Refreshing native plugins compatible for Editor in 0.59 ms, found 2 plugins.
Preloading 0 native plugins for Editor in 0.00 ms.
Mono: successfully reloaded assembly
- Completed reload, in  1.802 seconds
Domain Reload Profiling:
	ReloadAssembly (1802ms)
		BeginReloadAssembly (195ms)
			ExecutionOrderSort (0ms)
			DisableScriptedObjects (9ms)
			BackupInstance (0ms)
			ReleaseScriptingObjects (0ms)
			CreateAndSetChildDomain (50ms)
		EndReloadAssembly (1479ms)
			LoadAssemblies (174ms)
			RebuildTransferFunctionScriptingTraits (0ms)
			SetupTypeCache (498ms)
			ReleaseScriptCaches (1ms)
			RebuildScriptCaches (79ms)
			SetupLoadedEditorAssemblies (538ms)
				LogAssemblyErrors (0ms)
				InitializePlatformSupportModulesInManaged (10ms)
				SetLoadedEditorAssemblies (1ms)
				RefreshPlugins (1ms)
				BeforeProcessingInitializeOnLoad (138ms)
				ProcessInitializeOnLoadAttributes (366ms)
				ProcessInitializeOnLoadMethodAttributes (8ms)
				AfterProcessingInitializeOnLoad (15ms)
				EditorAssembliesLoaded (0ms)
			ExecutionOrderSort2 (0ms)
			AwakeInstancesAfterBackupRestoration (14ms)
Platform modules already initialized, skipping
Refreshing native plugins compatible for Editor in 0.60 ms, found 2 plugins.
Preloading 0 native plugins for Editor in 0.00 ms.
Unloading 1396 Unused Serialized files (Serialized files now loaded: 0)
System memory in use before: 82.3 MB.
System memory in use after: 82.4 MB.

Unloading 11 unused Assets to reduce memory usage. Loaded Objects now: 1909.
Total: 4.529800 ms (FindLiveObjects: 0.198400 ms CreateObjectMapping: 0.090500 ms MarkObjects: 4.213800 ms  DeleteObjects: 0.025200 ms)

AssetImportParameters requested are different than current active one (requested -> active):
  custom:framework-win-MediaFoundation: 216162199b28c13a410421893ffa2e32 -> 
  custom:video-decoder-ogg-theora: a1e56fd34408186e4bbccfd4996cb3dc -> 
  custom:container-muxer-webm: aa71ff27fc2769a1b78a27578f13a17b -> 
  custom:container-demuxer-webm: 4f35f7cbe854078d1ac9338744f61a02 -> 
  custom:container-demuxer-ogg: 62fdf1f143b41e24485cea50d1cbac27 -> 
  custom:video-encoder-webm-vp8: eb34c28f22e8b96e1ab97ce403110664 -> 
  custom:video-decoder-webm-vp8: 9c59270c3fd7afecdb556c50c9e8de78 -> 
  custom:audio-decoder-ogg-vorbis: bf7c407c2cedff20999df2af8eb42d56 -> 
  custom:audio-encoder-webm-vorbis: bf7c407c2cedff20999df2af8eb42d56 -> 
========================================================================
Received Prepare
Registering precompiled user dll's ...
Registered in 0.004138 seconds.
Begin MonoManager ReloadAssembly
Native extension for WindowsStandalone target not found
Refreshing native plugins compatible for Editor in 0.63 ms, found 2 plugins.
Preloading 0 native plugins for Editor in 0.00 ms.
Mono: successfully reloaded assembly
- Completed reload, in  1.876 seconds
Domain Reload Profiling:
	ReloadAssembly (1877ms)
		BeginReloadAssembly (196ms)
			ExecutionOrderSort (0ms)
			DisableScriptedObjects (9ms)
			BackupInstance (0ms)
			ReleaseScriptingObjects (0ms)
			CreateAndSetChildDomain (49ms)
		EndReloadAssembly (1553ms)
			LoadAssemblies (177ms)
			RebuildTransferFunctionScriptingTraits (0ms)
			SetupTypeCache (536ms)
			ReleaseScriptCaches (1ms)
			RebuildScriptCaches (82ms)
			SetupLoadedEditorAssemblies (562ms)
				LogAssemblyErrors (0ms)
				InitializePlatformSupportModulesInManaged (10ms)
				SetLoadedEditorAssemblies (1ms)
				RefreshPlugins (1ms)
				BeforeProcessingInitializeOnLoad (145ms)
				ProcessInitializeOnLoadAttributes (382ms)
				ProcessInitializeOnLoadMethodAttributes (8ms)
				AfterProcessingInitializeOnLoad (15ms)
				EditorAssembliesLoaded (0ms)
			ExecutionOrderSort2 (0ms)
			AwakeInstancesAfterBackupRestoration (14ms)
Platform modules already initialized, skipping
Refreshing native plugins compatible for Editor in 0.61 ms, found 2 plugins.
Preloading 0 native plugins for Editor in 0.00 ms.
Unloading 1396 Unused Serialized files (Serialized files now loaded: 0)
System memory in use before: 82.3 MB.
System memory in use after: 82.4 MB.

Unloading 11 unused Assets to reduce memory usage. Loaded Objects now: 1911.
Total: 4.670800 ms (FindLiveObjects: 0.194300 ms CreateObjectMapping: 0.095000 ms MarkObjects: 4.356100 ms  DeleteObjects: 0.023800 ms)

AssetImportParameters requested are different than current active one (requested -> active):
  custom:framework-win-MediaFoundation: 216162199b28c13a410421893ffa2e32 -> 
  custom:video-decoder-ogg-theora: a1e56fd34408186e4bbccfd4996cb3dc -> 
  custom:container-muxer-webm: aa71ff27fc2769a1b78a27578f13a17b -> 
  custom:container-demuxer-webm: 4f35f7cbe854078d1ac9338744f61a02 -> 
  custom:container-demuxer-ogg: 62fdf1f143b41e24485cea50d1cbac27 -> 
  custom:video-encoder-webm-vp8: eb34c28f22e8b96e1ab97ce403110664 -> 
  custom:video-decoder-webm-vp8: 9c59270c3fd7afecdb556c50c9e8de78 -> 
  custom:audio-decoder-ogg-vorbis: bf7c407c2cedff20999df2af8eb42d56 -> 
  custom:audio-encoder-webm-vorbis: bf7c407c2cedff20999df2af8eb42d56 -> 
========================================================================
Received Import Request.
  Time since last request: 19.535669 seconds.
  path: Assets/Scripts/GameManager.cs
  artifactKey: Guid(da0a613271d488244b89d4b610d9f76b) Importer(815301076,1909f56bfc062723c751e8b465ee728b)
Start importing Assets/Scripts/GameManager.cs using Guid(da0a613271d488244b89d4b610d9f76b) Importer(815301076,1909f56bfc062723c751e8b465ee728b)  -> (artifact id: '8a5aee808f07b9f3b2f9d3f28c4eb9e7') in 0.005723 seconds 
  Import took 0.008991 seconds .

========================================================================
Received Prepare
Registering precompiled user dll's ...
Registered in 0.003867 seconds.
Begin MonoManager ReloadAssembly
Native extension for WindowsStandalone target not found
Refreshing native plugins compatible for Editor in 0.62 ms, found 2 plugins.
Preloading 0 native plugins for Editor in 0.00 ms.
Mono: successfully reloaded assembly
- Completed reload, in  1.829 seconds
Domain Reload Profiling:
	ReloadAssembly (1830ms)
		BeginReloadAssembly (194ms)
			ExecutionOrderSort (0ms)
			DisableScriptedObjects (9ms)
			BackupInstance (0ms)
			ReleaseScriptingObjects (0ms)
			CreateAndSetChildDomain (50ms)
		EndReloadAssembly (1508ms)
			LoadAssemblies (170ms)
			RebuildTransferFunctionScriptingTraits (0ms)
			SetupTypeCache (514ms)
			ReleaseScriptCaches (1ms)
			RebuildScriptCaches (80ms)
			SetupLoadedEditorAssemblies (546ms)
				LogAssemblyErrors (0ms)
				InitializePlatformSupportModulesInManaged (9ms)
				SetLoadedEditorAssemblies (1ms)
				RefreshPlugins (1ms)
				BeforeProcessingInitializeOnLoad (138ms)
				ProcessInitializeOnLoadAttributes (372ms)
				ProcessInitializeOnLoadMethodAttributes (8ms)
				AfterProcessingInitializeOnLoad (15ms)
				EditorAssembliesLoaded (0ms)
			ExecutionOrderSort2 (0ms)
			AwakeInstancesAfterBackupRestoration (13ms)
Platform modules already initialized, skipping
Refreshing native plugins compatible for Editor in 0.62 ms, found 2 plugins.
Preloading 0 native plugins for Editor in 0.00 ms.
Unloading 1396 Unused Serialized files (Serialized files now loaded: 0)
System memory in use before: 82.3 MB.
System memory in use after: 82.4 MB.

Unloading 11 unused Assets to reduce memory usage. Loaded Objects now: 1913.
Total: 4.485200 ms (FindLiveObjects: 0.205600 ms CreateObjectMapping: 0.089600 ms MarkObjects: 4.164000 ms  DeleteObjects: 0.024400 ms)

AssetImportParameters requested are different than current active one (requested -> active):
  custom:framework-win-MediaFoundation: 216162199b28c13a410421893ffa2e32 -> 
  custom:video-decoder-ogg-theora: a1e56fd34408186e4bbccfd4996cb3dc -> 
  custom:container-muxer-webm: aa71ff27fc2769a1b78a27578f13a17b -> 
  custom:container-demuxer-webm: 4f35f7cbe854078d1ac9338744f61a02 -> 
  custom:container-demuxer-ogg: 62fdf1f143b41e24485cea50d1cbac27 -> 
  custom:video-encoder-webm-vp8: eb34c28f22e8b96e1ab97ce403110664 -> 
  custom:video-decoder-webm-vp8: 9c59270c3fd7afecdb556c50c9e8de78 -> 
  custom:audio-decoder-ogg-vorbis: bf7c407c2cedff20999df2af8eb42d56 -> 
  custom:audio-encoder-webm-vorbis: bf7c407c2cedff20999df2af8eb42d56 -> 
========================================================================
Received Import Request.
  Time since last request: 110.168164 seconds.
  path: Assets/Scripts/ScoreBrebilies.cs
  artifactKey: Guid(4f7d5dbb712dbf8408812efc8931a90a) Importer(815301076,1909f56bfc062723c751e8b465ee728b)
Start importing Assets/Scripts/ScoreBrebilies.cs using Guid(4f7d5dbb712dbf8408812efc8931a90a) Importer(815301076,1909f56bfc062723c751e8b465ee728b)  -> (artifact id: '1aa217fae9ba9c53135e9daa71adef10') in 0.006781 seconds 
  Import took 0.017005 seconds .

========================================================================
Received Import Request.
  Time since last request: 12.158899 seconds.
  path: Assets/Scripts/ScoreBrebilies.cs
  artifactKey: Guid(4f7d5dbb712dbf8408812efc8931a90a) Importer(815301076,1909f56bfc062723c751e8b465ee728b)
Start importing Assets/Scripts/ScoreBrebilies.cs using Guid(4f7d5dbb712dbf8408812efc8931a90a) Importer(815301076,1909f56bfc062723c751e8b465ee728b)  -> (artifact id: '876ff30e57823f5f8ea624320eadf174') in 0.001829 seconds 
  Import took 0.005183 seconds .

========================================================================
Received Import Request.
  Time since last request: 0.002102 seconds.
  path: Assets/Scripts/ScoreBrebilies.cs
  artifactKey: Guid(4f7d5dbb712dbf8408812efc8931a90a) Importer(815301076,1909f56bfc062723c751e8b465ee728b)
Start importing Assets/Scripts/ScoreBrebilies.cs using Guid(4f7d5dbb712dbf8408812efc8931a90a) Importer(815301076,1909f56bfc062723c751e8b465ee728b)  -> (artifact id: '876ff30e57823f5f8ea624320eadf174') in 0.002016 seconds 
  Import took 0.005137 seconds .

========================================================================
Received Prepare
Registering precompiled user dll's ...
Registered in 0.003784 seconds.
Begin MonoManager ReloadAssembly
Native extension for WindowsStandalone target not found
Refreshing native plugins compatible for Editor in 0.63 ms, found 2 plugins.
Preloading 0 native plugins for Editor in 0.00 ms.
Mono: successfully reloaded assembly
- Completed reload, in  1.825 seconds
Domain Reload Profiling:
	ReloadAssembly (1826ms)
		BeginReloadAssembly (192ms)
			ExecutionOrderSort (0ms)
			DisableScriptedObjects (10ms)
			BackupInstance (0ms)
			ReleaseScriptingObjects (0ms)
			CreateAndSetChildDomain (50ms)
		EndReloadAssembly (1507ms)
			LoadAssemblies (164ms)
			RebuildTransferFunctionScriptingTraits (0ms)
			SetupTypeCache (511ms)
			ReleaseScriptCaches (1ms)
			RebuildScriptCaches (80ms)
			SetupLoadedEditorAssemblies (553ms)
				LogAssemblyErrors (0ms)
				InitializePlatformSupportModulesInManaged (10ms)
				SetLoadedEditorAssemblies (1ms)
				RefreshPlugins (1ms)
				BeforeProcessingInitializeOnLoad (139ms)
				ProcessInitializeOnLoadAttributes (379ms)
				ProcessInitializeOnLoadMethodAttributes (8ms)
				AfterProcessingInitializeOnLoad (15ms)
				EditorAssembliesLoaded (0ms)
			ExecutionOrderSort2 (0ms)
			AwakeInstancesAfterBackupRestoration (14ms)
Platform modules already initialized, skipping
Refreshing native plugins compatible for Editor in 0.62 ms, found 2 plugins.
Preloading 0 native plugins for Editor in 0.00 ms.
Unloading 1396 Unused Serialized files (Serialized files now loaded: 0)
System memory in use before: 82.3 MB.
System memory in use after: 82.4 MB.

Unloading 11 unused Assets to reduce memory usage. Loaded Objects now: 1915.
Total: 4.481700 ms (FindLiveObjects: 0.200200 ms CreateObjectMapping: 0.089400 ms MarkObjects: 4.167100 ms  DeleteObjects: 0.023300 ms)

AssetImportParameters requested are different than current active one (requested -> active):
  custom:framework-win-MediaFoundation: 216162199b28c13a410421893ffa2e32 -> 
  custom:video-decoder-ogg-theora: a1e56fd34408186e4bbccfd4996cb3dc -> 
  custom:container-muxer-webm: aa71ff27fc2769a1b78a27578f13a17b -> 
  custom:container-demuxer-webm: 4f35f7cbe854078d1ac9338744f61a02 -> 
  custom:container-demuxer-ogg: 62fdf1f143b41e24485cea50d1cbac27 -> 
  custom:video-encoder-webm-vp8: eb34c28f22e8b96e1ab97ce403110664 -> 
  custom:video-decoder-webm-vp8: 9c59270c3fd7afecdb556c50c9e8de78 -> 
  custom:audio-decoder-ogg-vorbis: bf7c407c2cedff20999df2af8eb42d56 -> 
  custom:audio-encoder-webm-vorbis: bf7c407c2cedff20999df2af8eb42d56 -> 
========================================================================
Received Prepare
Registering precompiled user dll's ...
Registered in 0.003582 seconds.
Begin MonoManager ReloadAssembly
Native extension for WindowsStandalone target not found
Refreshing native plugins compatible for Editor in 0.63 ms, found 2 plugins.
Preloading 0 native plugins for Editor in 0.00 ms.
Mono: successfully reloaded assembly
- Completed reload, in  1.820 seconds
Domain Reload Profiling:
	ReloadAssembly (1821ms)
		BeginReloadAssembly (195ms)
			ExecutionOrderSort (0ms)
			DisableScriptedObjects (10ms)
			BackupInstance (0ms)
			ReleaseScriptingObjects (0ms)
			CreateAndSetChildDomain (49ms)
		EndReloadAssembly (1501ms)
			LoadAssemblies (165ms)
			RebuildTransferFunctionScriptingTraits (0ms)
			SetupTypeCache (507ms)
			ReleaseScriptCaches (1ms)
			RebuildScriptCaches (78ms)
			SetupLoadedEditorAssemblies (554ms)
				LogAssemblyErrors (0ms)
				InitializePlatformSupportModulesInManaged (10ms)
				SetLoadedEditorAssemblies (1ms)
				RefreshPlugins (1ms)
				BeforeProcessingInitializeOnLoad (145ms)
				ProcessInitializeOnLoadAttributes (373ms)
				ProcessInitializeOnLoadMethodAttributes (8ms)
				AfterProcessingInitializeOnLoad (15ms)
				EditorAssembliesLoaded (0ms)
			ExecutionOrderSort2 (0ms)
			AwakeInstancesAfterBackupRestoration (13ms)
Platform modules already initialized, skipping
Refreshing native plugins compatible for Editor in 0.65 ms, found 2 plugins.
Preloading 0 native plugins for Editor in 0.00 ms.
Unloading 1396 Unused Serialized files (Serialized files now loaded: 0)
System memory in use before: 82.3 MB.
System memory in use after: 82.4 MB.

Unloading 11 unused Assets to reduce memory usage. Loaded Objects now: 1917.
Total: 4.821600 ms (FindLiveObjects: 0.187500 ms CreateObjectMapping: 0.089500 ms MarkObjects: 4.518900 ms  DeleteObjects: 0.023900 ms)

AssetImportParameters requested are different than current active one (requested -> active):
  custom:framework-win-MediaFoundation: 216162199b28c13a410421893ffa2e32 -> 
  custom:video-decoder-ogg-theora: a1e56fd34408186e4bbccfd4996cb3dc -> 
  custom:container-muxer-webm: aa71ff27fc2769a1b78a27578f13a17b -> 
  custom:container-demuxer-webm: 4f35f7cbe854078d1ac9338744f61a02 -> 
  custom:container-demuxer-ogg: 62fdf1f143b41e24485cea50d1cbac27 -> 
  custom:video-encoder-webm-vp8: eb34c28f22e8b96e1ab97ce403110664 -> 
  custom:video-decoder-webm-vp8: 9c59270c3fd7afecdb556c50c9e8de78 -> 
  custom:audio-decoder-ogg-vorbis: bf7c407c2cedff20999df2af8eb42d56 -> 
  custom:audio-encoder-webm-vorbis: bf7c407c2cedff20999df2af8eb42d56 -> 
========================================================================
Received Prepare
Registering precompiled user dll's ...
Registered in 0.003830 seconds.
Begin MonoManager ReloadAssembly
Native extension for WindowsStandalone target not found
Refreshing native plugins compatible for Editor in 0.63 ms, found 2 plugins.
Preloading 0 native plugins for Editor in 0.00 ms.
Mono: successfully reloaded assembly
- Completed reload, in  2.195 seconds
Domain Reload Profiling:
	ReloadAssembly (2196ms)
		BeginReloadAssembly (198ms)
			ExecutionOrderSort (0ms)
			DisableScriptedObjects (9ms)
			BackupInstance (0ms)
			ReleaseScriptingObjects (0ms)
			CreateAndSetChildDomain (54ms)
		EndReloadAssembly (1866ms)
			LoadAssemblies (164ms)
			RebuildTransferFunctionScriptingTraits (0ms)
			SetupTypeCache (515ms)
			ReleaseScriptCaches (1ms)
			RebuildScriptCaches (84ms)
			SetupLoadedEditorAssemblies (879ms)
				LogAssemblyErrors (0ms)
				InitializePlatformSupportModulesInManaged (10ms)
				SetLoadedEditorAssemblies (1ms)
				RefreshPlugins (1ms)
				BeforeProcessingInitializeOnLoad (145ms)
				ProcessInitializeOnLoadAttributes (698ms)
				ProcessInitializeOnLoadMethodAttributes (9ms)
				AfterProcessingInitializeOnLoad (16ms)
				EditorAssembliesLoaded (0ms)
			ExecutionOrderSort2 (0ms)
			AwakeInstancesAfterBackupRestoration (15ms)
Platform modules already initialized, skipping
Refreshing native plugins compatible for Editor in 0.63 ms, found 2 plugins.
Preloading 0 native plugins for Editor in 0.00 ms.
Unloading 1396 Unused Serialized files (Serialized files now loaded: 0)
System memory in use before: 82.3 MB.
System memory in use after: 82.4 MB.

Unloading 11 unused Assets to reduce memory usage. Loaded Objects now: 1919.
Total: 4.731200 ms (FindLiveObjects: 0.215100 ms CreateObjectMapping: 0.092400 ms MarkObjects: 4.391800 ms  DeleteObjects: 0.029400 ms)

AssetImportParameters requested are different than current active one (requested -> active):
  custom:framework-win-MediaFoundation: 216162199b28c13a410421893ffa2e32 -> 
  custom:video-decoder-ogg-theora: a1e56fd34408186e4bbccfd4996cb3dc -> 
  custom:container-muxer-webm: aa71ff27fc2769a1b78a27578f13a17b -> 
  custom:container-demuxer-webm: 4f35f7cbe854078d1ac9338744f61a02 -> 
  custom:container-demuxer-ogg: 62fdf1f143b41e24485cea50d1cbac27 -> 
  custom:video-encoder-webm-vp8: eb34c28f22e8b96e1ab97ce403110664 -> 
  custom:video-decoder-webm-vp8: 9c59270c3fd7afecdb556c50c9e8de78 -> 
  custom:audio-decoder-ogg-vorbis: bf7c407c2cedff20999df2af8eb42d56 -> 
  custom:audio-encoder-webm-vorbis: bf7c407c2cedff20999df2af8eb42d56 -> 
========================================================================
Received Prepare
Registering precompiled user dll's ...
Registered in 0.004004 seconds.
Begin MonoManager ReloadAssembly
Native extension for WindowsStandalone target not found
Refreshing native plugins compatible for Editor in 0.61 ms, found 2 plugins.
Preloading 0 native plugins for Editor in 0.00 ms.
Mono: successfully reloaded assembly
- Completed reload, in  1.839 seconds
Domain Reload Profiling:
	ReloadAssembly (1840ms)
		BeginReloadAssembly (198ms)
			ExecutionOrderSort (0ms)
			DisableScriptedObjects (9ms)
			BackupInstance (0ms)
			ReleaseScriptingObjects (0ms)
			CreateAndSetChildDomain (50ms)
		EndReloadAssembly (1516ms)
			LoadAssemblies (165ms)
			RebuildTransferFunctionScriptingTraits (0ms)
			SetupTypeCache (512ms)
			ReleaseScriptCaches (1ms)
			RebuildScriptCaches (81ms)
			SetupLoadedEditorAssemblies (558ms)
				LogAssemblyErrors (0ms)
				InitializePlatformSupportModulesInManaged (10ms)
				SetLoadedEditorAssemblies (1ms)
				RefreshPlugins (1ms)
				BeforeProcessingInitializeOnLoad (143ms)
				ProcessInitializeOnLoadAttributes (380ms)
				ProcessInitializeOnLoadMethodAttributes (8ms)
				AfterProcessingInitializeOnLoad (15ms)
				EditorAssembliesLoaded (0ms)
			ExecutionOrderSort2 (0ms)
			AwakeInstancesAfterBackupRestoration (13ms)
Platform modules already initialized, skipping
Refreshing native plugins compatible for Editor in 0.63 ms, found 2 plugins.
Preloading 0 native plugins for Editor in 0.00 ms.
Unloading 1396 Unused Serialized files (Serialized files now loaded: 0)
System memory in use before: 82.3 MB.
System memory in use after: 82.4 MB.

Unloading 11 unused Assets to reduce memory usage. Loaded Objects now: 1921.
Total: 4.571600 ms (FindLiveObjects: 0.205900 ms CreateObjectMapping: 0.091600 ms MarkObjects: 4.248000 ms  DeleteObjects: 0.024100 ms)

AssetImportParameters requested are different than current active one (requested -> active):
  custom:framework-win-MediaFoundation: 216162199b28c13a410421893ffa2e32 -> 
  custom:video-decoder-ogg-theora: a1e56fd34408186e4bbccfd4996cb3dc -> 
  custom:container-muxer-webm: aa71ff27fc2769a1b78a27578f13a17b -> 
  custom:container-demuxer-webm: 4f35f7cbe854078d1ac9338744f61a02 -> 
  custom:container-demuxer-ogg: 62fdf1f143b41e24485cea50d1cbac27 -> 
  custom:video-encoder-webm-vp8: eb34c28f22e8b96e1ab97ce403110664 -> 
  custom:video-decoder-webm-vp8: 9c59270c3fd7afecdb556c50c9e8de78 -> 
  custom:audio-decoder-ogg-vorbis: bf7c407c2cedff20999df2af8eb42d56 -> 
  custom:audio-encoder-webm-vorbis: bf7c407c2cedff20999df2af8eb42d56 -> 
========================================================================
Received Prepare
Registering precompiled user dll's ...
Registered in 0.004001 seconds.
Begin MonoManager ReloadAssembly
Native extension for WindowsStandalone target not found
Refreshing native plugins compatible for Editor in 0.60 ms, found 2 plugins.
Preloading 0 native plugins for Editor in 0.00 ms.
Mono: successfully reloaded assembly
- Completed reload, in  1.812 seconds
Domain Reload Profiling:
	ReloadAssembly (1812ms)
		BeginReloadAssembly (194ms)
			ExecutionOrderSort (0ms)
			DisableScriptedObjects (10ms)
			BackupInstance (0ms)
			ReleaseScriptingObjects (0ms)
			CreateAndSetChildDomain (50ms)
		EndReloadAssembly (1495ms)
			LoadAssemblies (159ms)
			RebuildTransferFunctionScriptingTraits (0ms)
			SetupTypeCache (502ms)
			ReleaseScriptCaches (1ms)
			RebuildScriptCaches (80ms)
			SetupLoadedEditorAssemblies (560ms)
				LogAssemblyErrors (0ms)
				InitializePlatformSupportModulesInManaged (10ms)
				SetLoadedEditorAssemblies (1ms)
				RefreshPlugins (1ms)
				BeforeProcessingInitializeOnLoad (141ms)
				ProcessInitializeOnLoadAttributes (384ms)
				ProcessInitializeOnLoadMethodAttributes (9ms)
				AfterProcessingInitializeOnLoad (15ms)
				EditorAssembliesLoaded (0ms)
			ExecutionOrderSort2 (0ms)
			AwakeInstancesAfterBackupRestoration (14ms)
Platform modules already initialized, skipping
Refreshing native plugins compatible for Editor in 0.67 ms, found 2 plugins.
Preloading 0 native plugins for Editor in 0.00 ms.
Unloading 1396 Unused Serialized files (Serialized files now loaded: 0)
System memory in use before: 82.3 MB.
System memory in use after: 82.5 MB.

Unloading 11 unused Assets to reduce memory usage. Loaded Objects now: 1923.
Total: 5.644500 ms (FindLiveObjects: 0.236100 ms CreateObjectMapping: 0.091100 ms MarkObjects: 5.270800 ms  DeleteObjects: 0.043900 ms)

AssetImportParameters requested are different than current active one (requested -> active):
  custom:framework-win-MediaFoundation: 216162199b28c13a410421893ffa2e32 -> 
  custom:video-decoder-ogg-theora: a1e56fd34408186e4bbccfd4996cb3dc -> 
  custom:container-muxer-webm: aa71ff27fc2769a1b78a27578f13a17b -> 
  custom:container-demuxer-webm: 4f35f7cbe854078d1ac9338744f61a02 -> 
  custom:container-demuxer-ogg: 62fdf1f143b41e24485cea50d1cbac27 -> 
  custom:video-encoder-webm-vp8: eb34c28f22e8b96e1ab97ce403110664 -> 
  custom:video-decoder-webm-vp8: 9c59270c3fd7afecdb556c50c9e8de78 -> 
  custom:audio-decoder-ogg-vorbis: bf7c407c2cedff20999df2af8eb42d56 -> 
  custom:audio-encoder-webm-vorbis: bf7c407c2cedff20999df2af8eb42d56 -> 
========================================================================
Received Import Request.
  Time since last request: 466.806347 seconds.
  path: Assets/prefab/Sphere.prefab
  artifactKey: Guid(0f5b6ca5618f02743b4cec0142cfb336) Importer(815301076,1909f56bfc062723c751e8b465ee728b)
Start importing Assets/prefab/Sphere.prefab using Guid(0f5b6ca5618f02743b4cec0142cfb336) Importer(815301076,1909f56bfc062723c751e8b465ee728b)  -> (artifact id: '651c1e1a3fda4eea4919a865183be4a4') in 0.138697 seconds 
  Import took 0.157219 seconds .

========================================================================
Received Import Request.
  Time since last request: 121.200182 seconds.
  path: Assets/Images/SK_Butterfly.fbx
  artifactKey: Guid(a7c29033187784c40ac44d97df88e596) Importer(815301076,1909f56bfc062723c751e8b465ee728b)
Start importing Assets/Images/SK_Butterfly.fbx using Guid(a7c29033187784c40ac44d97df88e596) Importer(815301076,1909f56bfc062723c751e8b465ee728b)  -> (artifact id: '8c24d19e1b9fd87d42bc6357c857cea2') in 0.099767 seconds 
  Import took 0.114367 seconds .

========================================================================
Received Prepare
Registering precompiled user dll's ...
Registered in 0.003858 seconds.
Begin MonoManager ReloadAssembly
Native extension for WindowsStandalone target not found
Refreshing native plugins compatible for Editor in 0.61 ms, found 2 plugins.
Preloading 0 native plugins for Editor in 0.00 ms.
Mono: successfully reloaded assembly
- Completed reload, in  1.806 seconds
Domain Reload Profiling:
	ReloadAssembly (1807ms)
		BeginReloadAssembly (202ms)
			ExecutionOrderSort (0ms)
			DisableScriptedObjects (9ms)
			BackupInstance (0ms)
			ReleaseScriptingObjects (0ms)
			CreateAndSetChildDomain (55ms)
		EndReloadAssembly (1480ms)
			LoadAssemblies (165ms)
			RebuildTransferFunctionScriptingTraits (0ms)
			SetupTypeCache (495ms)
			ReleaseScriptCaches (1ms)
			RebuildScriptCaches (78ms)
			SetupLoadedEditorAssemblies (549ms)
				LogAssemblyErrors (0ms)
				InitializePlatformSupportModulesInManaged (10ms)
				SetLoadedEditorAssemblies (1ms)
				RefreshPlugins (1ms)
				BeforeProcessingInitializeOnLoad (139ms)
				ProcessInitializeOnLoadAttributes (374ms)
				ProcessInitializeOnLoadMethodAttributes (8ms)
				AfterProcessingInitializeOnLoad (15ms)
				EditorAssembliesLoaded (0ms)
			ExecutionOrderSort2 (0ms)
			AwakeInstancesAfterBackupRestoration (14ms)
Platform modules already initialized, skipping
Refreshing native plugins compatible for Editor in 0.63 ms, found 2 plugins.
Preloading 0 native plugins for Editor in 0.00 ms.
Unloading 1396 Unused Serialized files (Serialized files now loaded: 0)
System memory in use before: 82.4 MB.
System memory in use after: 82.5 MB.

Unloading 12 unused Assets to reduce memory usage. Loaded Objects now: 1927.
Total: 4.562500 ms (FindLiveObjects: 0.187300 ms CreateObjectMapping: 0.085100 ms MarkObjects: 4.256600 ms  DeleteObjects: 0.031600 ms)

AssetImportParameters requested are different than current active one (requested -> active):
  custom:framework-win-MediaFoundation: 216162199b28c13a410421893ffa2e32 -> 
  custom:video-decoder-ogg-theora: a1e56fd34408186e4bbccfd4996cb3dc -> 
  custom:container-muxer-webm: aa71ff27fc2769a1b78a27578f13a17b -> 
  custom:container-demuxer-webm: 4f35f7cbe854078d1ac9338744f61a02 -> 
  custom:container-demuxer-ogg: 62fdf1f143b41e24485cea50d1cbac27 -> 
  custom:video-encoder-webm-vp8: eb34c28f22e8b96e1ab97ce403110664 -> 
  custom:video-decoder-webm-vp8: 9c59270c3fd7afecdb556c50c9e8de78 -> 
  custom:audio-decoder-ogg-vorbis: bf7c407c2cedff20999df2af8eb42d56 -> 
  custom:audio-encoder-webm-vorbis: bf7c407c2cedff20999df2af8eb42d56 -> 
========================================================================
Received Import Request.
  Time since last request: 87.495754 seconds.
  path: Assets/Images/T_Background_02.jpg
  artifactKey: Guid(6e3a2af0a2152aa4e85cfc83d24d1699) Importer(815301076,1909f56bfc062723c751e8b465ee728b)
Start importing Assets/Images/T_Background_02.jpg using Guid(6e3a2af0a2152aa4e85cfc83d24d1699) Importer(815301076,1909f56bfc062723c751e8b465ee728b)  -> (artifact id: 'a1b24c3aaabacd5c49aa12b16863dca3') in 0.093331 seconds 
  Import took 0.096966 seconds .

========================================================================
Received Import Request.
  Time since last request: 19.393452 seconds.
  path: Assets/Scenes/Game.unity
  artifactKey: Guid(9fc0d4010bbf28b4594072e72b8655ab) Importer(815301076,1909f56bfc062723c751e8b465ee728b)
Start importing Assets/Scenes/Game.unity using Guid(9fc0d4010bbf28b4594072e72b8655ab) Importer(815301076,1909f56bfc062723c751e8b465ee728b)  -> (artifact id: '549a1b80a7a4c5e21494b40c770ee4eb') in 0.002843 seconds 
  Import took 0.017003 seconds .

========================================================================
Received Import Request.
  Time since last request: 437.152004 seconds.
  path: Assets/Images/New Render Texture.renderTexture
  artifactKey: Guid(bf628428670499f48966862509168306) Importer(815301076,1909f56bfc062723c751e8b465ee728b)
Start importing Assets/Images/New Render Texture.renderTexture using Guid(bf628428670499f48966862509168306) Importer(815301076,1909f56bfc062723c751e8b465ee728b)  -> (artifact id: 'aa429bb59a638a288cdbb8c081b0cccb') in 0.020031 seconds 
  Import took 0.035802 seconds .

========================================================================
Received Import Request.
  Time since last request: 0.000767 seconds.
  path: Assets/Images/New Render Texture.renderTexture
  artifactKey: Guid(bf628428670499f48966862509168306) Importer(815301076,1909f56bfc062723c751e8b465ee728b)
Start importing Assets/Images/New Render Texture.renderTexture using Guid(bf628428670499f48966862509168306) Importer(815301076,1909f56bfc062723c751e8b465ee728b)  -> (artifact id: 'aa429bb59a638a288cdbb8c081b0cccb') in 0.008241 seconds 
  Import took 0.011651 seconds .

========================================================================
Received Import Request.
  Time since last request: 113.609636 seconds.
  path: Assets/Images/T_Butterfly_01.png
  artifactKey: Guid(c959c49a9512c9146a7795412531862c) Importer(815301076,1909f56bfc062723c751e8b465ee728b)
Start importing Assets/Images/T_Butterfly_01.png using Guid(c959c49a9512c9146a7795412531862c) Importer(815301076,1909f56bfc062723c751e8b465ee728b)  -> (artifact id: 'bceaba37c7a8cf24b5dc121402666019') in 0.069954 seconds 
  Import took 0.091108 seconds .

========================================================================
Received Import Request.
  Time since last request: 96.402096 seconds.
  path: Assets/Images/T_Butterfly_01.png
  artifactKey: Guid(c959c49a9512c9146a7795412531862c) Importer(815301076,1909f56bfc062723c751e8b465ee728b)
Start importing Assets/Images/T_Butterfly_01.png using Guid(c959c49a9512c9146a7795412531862c) Importer(815301076,1909f56bfc062723c751e8b465ee728b)  -> (artifact id: 'eefcdd9b3fa1410ffa7721523858f22f') in 0.015662 seconds 
  Import took 0.023731 seconds .

========================================================================
Received Import Request.
  Time since last request: 250.881672 seconds.
  path: Assets/Images/skin.mat
  artifactKey: Guid(c40fde88d7c7f7e4bb87f6b5757b2791) Importer(815301076,1909f56bfc062723c751e8b465ee728b)
Start importing Assets/Images/skin.mat using Guid(c40fde88d7c7f7e4bb87f6b5757b2791) Importer(815301076,1909f56bfc062723c751e8b465ee728b)  -> (artifact id: 'caa1312a684250d299fc14a6ebf9d1da') in 0.035762 seconds 
  Import took 0.039701 seconds .

========================================================================
Received Import Request.
  Time since last request: 130.073256 seconds.
  path: Assets/Images/SK_Butterfly.fbx
  artifactKey: Guid(a7c29033187784c40ac44d97df88e596) Importer(815301076,1909f56bfc062723c751e8b465ee728b)
Start importing Assets/Images/SK_Butterfly.fbx using Guid(a7c29033187784c40ac44d97df88e596) Importer(815301076,1909f56bfc062723c751e8b465ee728b)  -> (artifact id: 'fcc7733a1c0c7e066cf3410468396249') in 0.085594 seconds 
  Import took 0.090146 seconds .

========================================================================
Received Import Request.
  Time since last request: 29.613424 seconds.
  path: Assets/Images/SK_Butterfly.fbx
  artifactKey: Guid(a7c29033187784c40ac44d97df88e596) Importer(815301076,1909f56bfc062723c751e8b465ee728b)
Start importing Assets/Images/SK_Butterfly.fbx using Guid(a7c29033187784c40ac44d97df88e596) Importer(815301076,1909f56bfc062723c751e8b465ee728b)  -> (artifact id: 'f26532a94c5097c53d169a806ac70871') in 0.055662 seconds 
  Import took 0.079287 seconds .

========================================================================
Received Import Request.
  Time since last request: 265.674069 seconds.
  path: Assets/prefab/Sphere.prefab
  artifactKey: Guid(0f5b6ca5618f02743b4cec0142cfb336) Importer(815301076,1909f56bfc062723c751e8b465ee728b)
Start importing Assets/prefab/Sphere.prefab using Guid(0f5b6ca5618f02743b4cec0142cfb336) Importer(815301076,1909f56bfc062723c751e8b465ee728b)  -> (artifact id: 'd004499ec02e5f40695ef6c842202fc8') in 0.014131 seconds 
  Import took 0.027441 seconds .

========================================================================
Received Import Request.
  Time since last request: 0.001769 seconds.
  path: Assets/prefab/Sphere.prefab
  artifactKey: Guid(0f5b6ca5618f02743b4cec0142cfb336) Importer(815301076,1909f56bfc062723c751e8b465ee728b)
Start importing Assets/prefab/Sphere.prefab using Guid(0f5b6ca5618f02743b4cec0142cfb336) Importer(815301076,1909f56bfc062723c751e8b465ee728b)  -> (artifact id: 'd004499ec02e5f40695ef6c842202fc8') in 0.010649 seconds 
  Import took 0.014338 seconds .

========================================================================
Received Import Request.
  Time since last request: 88.908668 seconds.
  path: Assets/Images/New Render Texture.renderTexture
  artifactKey: Guid(bf628428670499f48966862509168306) Importer(815301076,1909f56bfc062723c751e8b465ee728b)
Start importing Assets/Images/New Render Texture.renderTexture using Guid(bf628428670499f48966862509168306) Importer(815301076,1909f56bfc062723c751e8b465ee728b)  -> (artifact id: 'b02b04f91c1ba4cb4f5a885122dca625') in 0.008525 seconds 
  Import took 0.012427 seconds .

========================================================================
Received Import Request.
  Time since last request: 0.000290 seconds.
  path: Assets/Images/skin.mat
  artifactKey: Guid(c40fde88d7c7f7e4bb87f6b5757b2791) Importer(815301076,1909f56bfc062723c751e8b465ee728b)
Start importing Assets/Images/skin.mat using Guid(c40fde88d7c7f7e4bb87f6b5757b2791) Importer(815301076,1909f56bfc062723c751e8b465ee728b)  -> (artifact id: 'a666813b4a709876c52f3b3eadbe8f87') in 0.011130 seconds 
  Import took 0.015897 seconds .

========================================================================
Received Import Request.
  Time since last request: 10.358509 seconds.
  path: Assets/Scripts/Pause.cs
  artifactKey: Guid(096a91be30033e94bbc65a78aa79e2e4) Importer(815301076,1909f56bfc062723c751e8b465ee728b)
Start importing Assets/Scripts/Pause.cs using Guid(096a91be30033e94bbc65a78aa79e2e4) Importer(815301076,1909f56bfc062723c751e8b465ee728b)  -> (artifact id: 'f218930e51084d0958837e4d5387ab5a') in 0.001743 seconds 
  Import took 0.005002 seconds .

========================================================================
Received Import Request.
  Time since last request: 0.003713 seconds.
  path: Assets/Scripts/GameManager.cs
  artifactKey: Guid(da0a613271d488244b89d4b610d9f76b) Importer(815301076,1909f56bfc062723c751e8b465ee728b)
Start importing Assets/Scripts/GameManager.cs using Guid(da0a613271d488244b89d4b610d9f76b) Importer(815301076,1909f56bfc062723c751e8b465ee728b)  -> (artifact id: 'd810ac2824177ae2a5463ce4a5d1363f') in 0.001619 seconds 
  Import took 0.022302 seconds .

========================================================================
Received Import Request.
  Time since last request: 0.019474 seconds.
  path: Assets/Scenes/Game.unity
  artifactKey: Guid(9fc0d4010bbf28b4594072e72b8655ab) Importer(815301076,1909f56bfc062723c751e8b465ee728b)
Start importing Assets/Scenes/Game.unity using Guid(9fc0d4010bbf28b4594072e72b8655ab) Importer(815301076,1909f56bfc062723c751e8b465ee728b)  -> (artifact id: '9a6ace7b245d78295591b66854440941') in 0.002240 seconds 
  Import took 0.012845 seconds .

========================================================================
Received Import Request.
  Time since last request: 0.002512 seconds.
  path: Assets/Scenes/Menu.unity
  artifactKey: Guid(8ea885bb7f6229d40bb469ace23952fe) Importer(815301076,1909f56bfc062723c751e8b465ee728b)
Start importing Assets/Scenes/Menu.unity using Guid(8ea885bb7f6229d40bb469ace23952fe) Importer(815301076,1909f56bfc062723c751e8b465ee728b)  -> (artifact id: '079dec2d2cf1e98bbebb28541b75d1b9') in 0.002049 seconds 
  Import took 0.006889 seconds .

========================================================================
Received Import Request.
  Time since last request: 0.005646 seconds.
  path: Assets/Scripts/Ball.cs
  artifactKey: Guid(18bfb34f9f28f81489ee24a445d89bc1) Importer(815301076,1909f56bfc062723c751e8b465ee728b)
Start importing Assets/Scripts/Ball.cs using Guid(18bfb34f9f28f81489ee24a445d89bc1) Importer(815301076,1909f56bfc062723c751e8b465ee728b)  -> (artifact id: '0dee6ba701223e7e1ebfc07759d71c9c') in 0.010358 seconds 
  Import took 0.013400 seconds .

AssetImportWorkerClient::OnTransportError - code=2 error=End of file
